Start logging action: Converting
File: C:\Users\User\Downloads\TestWorkspace_Win32\workspace\Uniteller\CrossroadController\t0524\modules\Uniteller.InterchangeFormats.DeviceController\protocol.utx
Parameter: 

[CORE] Uniteller.Framework.Kernel : Standard Console Host
       Version    : 1.0.2
       Generation : 1


[HOST] Loading core..[15:59:04.845]
[HOST] Starting application..[15:59:04.849]
[HOST] Application started successfully.[15:59:04.860]
[GENERATOR] Анализ параметров командной строки[ OK ]
[GENERATOR] Loading: C:\Users\User\Downloads\TestWorkspace_Win32\workspace\Uniteller\CrossroadController\t0524\modules\Uniteller.InterchangeFormats.DeviceController\protocol.utx[ OK ]
[GENERATOR] Parsing UniText format[ OK ]
Блоков 1
[GENERATOR] Анализ блока 0[ OK ]
Переход к следующему протоколу
Экспорт протокола
Экспорт Uniteller.DeviceController
Закрытие файла
Файл сохранен
Переход к следующему протоколу
Экспорт протокола
[HOST] Unloading core..[15:59:05.559]
[HOST] Exit with code 0[15:59:05.576]

