Start logging action: Execute
File: C:\Users\User\CppTestTask\workspace\Uniteller\CrossroadController\t0524\tests\auto\┬чс­зуЖЯ\check_LightTurningOn.utx
Parameter: Default

[CORE] Uniteller.Framework.Kernel : Standard Console Host
       Version    : 1.0.2
       Generation : 1


[HOST] Loading core..[15:28:28.042]
[HOST] Starting application..[15:28:28.047]
[HOST] Application started successfully.[15:28:28.059]
[TESTER] Loading:C:\Users\User\CppTestTask\workspace\Uniteller\CrossroadController\t0524\tests\auto\┬чс­зуЖЯ\check_LightTurningOn.utx
                                                            [15:28:28.086]
[TESTER] Checking test script.                              [15:28:28.087]
[TESTER] Loading modules for test.                          [15:28:28.087]
ииииииииииииииииииииииииииииииииииииииииииииииииииииииииииииииииииииии 0%
[TESTER] Loading Uniteller.CrossroadController as Crossroad, generation: 1
                                                            [15:28:28.088]
[FAIL] Module or one of it dependency could not be loaded: Uniteller.CrossroadController
                                                            [15:28:28.090]
  - exception : ═т зСЯвЬыЧ уЯс­зуУЫЧ ВЬСзвЧ Uniteller.InterchangeFormats.CrossroadController. ╩ЬС №­ЬрвтВч 2.
[FATAL] [15:28:28.292]
[HOST] Unloading core..[15:28:28.292]
[HOST] Exit with code 15[15:28:28.301]

