Start logging action: Execute
File: C:\Users\User\CppTestTask\workspace\Uniteller\CrossroadController\t0524\tests\auto\┬чс­зуЖЯ\check_CountDownYellow.utx
Parameter: Default

[CORE] Uniteller.Framework.Kernel : Standard Console Host
       Version    : 1.0.2
       Generation : 1


[HOST] Loading core..[15:28:27.679]
[HOST] Starting application..[15:28:27.682]
[HOST] Application started successfully.[15:28:27.692]
[TESTER] Loading:C:\Users\User\CppTestTask\workspace\Uniteller\CrossroadController\t0524\tests\auto\┬чс­зуЖЯ\check_CountDownYellow.utx
                                                            [15:28:27.720]
[TESTER] Checking test script.                              [15:28:27.722]
[TESTER] Loading modules for test.                          [15:28:27.722]
ииииииииииииииииииииииииииииииииииииииииииииииииииииииииииииииииииииии 0%
[TESTER] Loading Uniteller.CrossroadController as Crossroad, generation: 1
                                                            [15:28:27.722]
[FAIL] Module or one of it dependency could not be loaded: Uniteller.CrossroadController
                                                            [15:28:27.724]
  - exception : ═т зСЯвЬыЧ уЯс­зуУЫЧ ВЬСзвЧ Uniteller.InterchangeFormats.CrossroadController. ╩ЬС №­ЬрвтВч 2.
[FATAL] [15:28:27.926]
[HOST] Unloading core..[15:28:27.926]
[HOST] Exit with code 15[15:28:27.936]

