Start logging action: Execute
File: C:\Users\User\CppTestTask\workspace\Uniteller\CrossroadController\t0524\tests\auto\Циклическое_переключение_сигналов_по_таймингу\checks.utx
Parameter: Default

[CORE] Uniteller.Framework.Kernel : Standard Console Host
       Version    : 1.0.2
       Generation : 1


[HOST] Loading core..[15:28:29.514]
[HOST] Starting application..[15:28:29.520]
[HOST] Application started successfully.[15:28:29.531]
[TESTER] Loading:C:\Users\User\CppTestTask\workspace\Uniteller\CrossroadController\t0524\tests\auto\Циклическое_переключение_сигналов_по_таймингу\checks.utx
                                                            [15:28:29.559]
[TESTER] Checking test script.                              [15:28:29.560]
[TESTER] Loading modules for test.                          [15:28:29.560]
······································································ 0%
[TESTER] Loading Uniteller.CrossroadController as Crossroad, generation: 1
                                                            [15:28:29.560]
[FAIL] Module or one of it dependency could not be loaded: Uniteller.CrossroadController
                                                            [15:28:29.563]
  - exception : Не удалось загрузить модуль Uniteller.InterchangeFormats.CrossroadController. Код проблемы 2.
[FATAL] [15:28:29.767]
[HOST] Unloading core..[15:28:29.767]
[HOST] Exit with code 15[15:28:29.780]

