Start logging action: Execute
File: C:\Users\User\CppTestTask\workspace\Uniteller\CrossroadController\t0524\tests\auto\╚ьУШУЯвУуЯШУ \check_01.utx
Parameter: Default

[CORE] Uniteller.Framework.Kernel : Standard Console Host
       Version    : 1.0.2
       Generation : 1


[HOST] Loading core..[15:28:28.410]
[HOST] Starting application..[15:28:28.415]
[HOST] Application started successfully.[15:28:28.427]
[TESTER] Loading:C:\Users\User\CppTestTask\workspace\Uniteller\CrossroadController\t0524\tests\auto\╚ьУШУЯвУуЯШУ \check_01.utx
                                                            [15:28:28.455]
[TESTER] Checking test script.                              [15:28:28.456]
[TESTER] Loading modules for test.                          [15:28:28.456]
ииииииииииииииииииииииииииииииииииииииииииииииииииииииииииииииииииииии 0%
[TESTER] Loading Uniteller.CrossroadController as Crossroad, generation: 1
                                                            [15:28:28.456]
[FAIL] Module or one of it dependency could not be loaded: Uniteller.CrossroadController
                                                            [15:28:28.459]
  - exception : ═т зСЯвЬыЧ уЯс­зуУЫЧ ВЬСзвЧ Uniteller.InterchangeFormats.CrossroadController. ╩ЬС №­ЬрвтВч 2.
[FATAL] [15:28:28.661]
[HOST] Unloading core..[15:28:28.661]
[HOST] Exit with code 15[15:28:28.674]

